SF:lib\data\api\api.dart
DA:18,3
DA:20,1
DA:22,1
DA:23,1
DA:33,1
DA:34,2
DA:35,2
DA:36,2
DA:41,1
DA:42,1
DA:43,1
DA:45,5
DA:46,1
DA:48,1
DA:51,3
DA:52,2
DA:53,3
DA:54,2
DA:59,3
DA:60,2
DA:61,3
DA:62,2
DA:64,1
DA:66,0
DA:70,1
DA:71,1
DA:73,1
DA:74,3
DA:75,1
DA:79,1
DA:80,1
DA:81,1
DA:83,5
DA:84,1
DA:86,1
DA:89,3
DA:90,2
DA:91,3
DA:92,2
DA:97,3
DA:98,2
DA:99,3
DA:100,2
DA:102,1
DA:104,0
DA:108,1
DA:109,1
DA:112,4
LF:48
LH:46
end_of_record
SF:lib\data\api\mock_dio_adapter.dart
DA:5,3
DA:6,1
DA:8,1
DA:9,1
LF:4
LH:4
end_of_record
SF:lib\data\services\shared_pref_service.dart
DA:4,2
DA:6,2
DA:7,4
DA:10,2
DA:11,4
DA:14,2
DA:15,4
LF:7
LH:7
end_of_record
SF:lib\domain\models\shop_model\shop_model.dart
DA:12,2
DA:22,1
DA:23,3
DA:25,4
DA:27,0
DA:30,6
DA:32,0
LF:7
LH:5
end_of_record
SF:lib\domain\models\shop_model\shop_model.g.dart
DA:9,4
DA:10,2
DA:11,4
DA:12,2
DA:13,6
DA:14,2
DA:17,0
DA:18,0
DA:19,0
DA:20,0
LF:10
LH:6
end_of_record
SF:lib\domain\models\energy_drink_model\energy_drink_model.dart
DA:11,2
DA:30,2
DA:31,2
DA:32,2
DA:33,2
DA:34,2
DA:35,2
DA:36,2
DA:37,2
DA:40,2
DA:41,2
DA:43,0
DA:46,4
DA:47,2
DA:52,0
LF:15
LH:13
end_of_record
SF:lib\domain\models\energy_drink_model\energy_drink_model.g.dart
DA:9,4
DA:10,2
DA:11,2
DA:12,4
DA:13,4
DA:14,4
DA:15,4
DA:16,2
DA:19,0
DA:20,0
DA:21,0
DA:22,0
DA:23,0
DA:24,0
DA:25,0
DA:26,0
DA:27,0
LF:17
LH:8
end_of_record
SF:lib\domain\models\aggregation_model\aggregation_model.dart
DA:6,1
DA:11,1
DA:25,2
DA:26,2
DA:27,2
DA:28,2
DA:29,2
DA:30,3
DA:31,2
DA:32,2
DA:34,1
DA:35,1
DA:36,1
DA:37,1
DA:38,1
DA:39,2
DA:40,0
DA:44,1
DA:45,1
DA:46,1
DA:49,1
DA:50,1
DA:51,1
DA:54,1
DA:55,1
DA:56,1
DA:59,1
DA:60,1
DA:61,1
DA:64,1
DA:65,1
DA:66,1
DA:69,1
DA:70,1
DA:71,3
DA:72,4
DA:73,5
DA:74,6
DA:75,1
DA:76,2
DA:77,1
DA:78,1
DA:79,3
DA:80,7
DA:84,2
DA:85,2
DA:86,1
DA:87,3
DA:88,3
DA:91,1
DA:92,3
DA:93,3
DA:97,2
DA:98,1
DA:99,1
DA:100,5
DA:103,1
DA:104,1
DA:105,5
LF:59
LH:58
end_of_record
